\BOOKMARK [0][-]{chapter*.1}{Introduction}{}
\BOOKMARK [0][-]{section*.3}{Contents}{}
\BOOKMARK [0][-]{chapter.1}{Bayesian Statistics \046 MCMC}{}
\BOOKMARK [1][-]{section.1.1}{Likelihood}{chapter.1}
\BOOKMARK [2][-]{subsection.1.1.1}{Maximum Likelihood \(ML\)}{section.1.1}
\BOOKMARK [2][-]{subsection.1.1.2}{Restricted Maximum Likelihood \(REML\)}{section.1.1}
\BOOKMARK [1][-]{section.1.2}{Prior Distribution}{chapter.1}
\BOOKMARK [1][-]{section.1.3}{Posterior Distribution}{chapter.1}
\BOOKMARK [2][-]{subsection.1.3.1}{Marginal Posterior Distribution}{section.1.3}
\BOOKMARK [1][-]{section.1.4}{MCMC}{chapter.1}
\BOOKMARK [2][-]{subsection.1.4.1}{Starting values}{section.1.4}
\BOOKMARK [2][-]{subsection.1.4.2}{Metrpolis-Hastings updates}{section.1.4}
\BOOKMARK [2][-]{subsection.1.4.3}{Gibbs Sampling}{section.1.4}
\BOOKMARK [2][-]{subsection.1.4.4}{Slice Sampling}{section.1.4}
\BOOKMARK [2][-]{subsection.1.4.5}{MCMC Diagnostics}{section.1.4}
\BOOKMARK [1][-]{section.1.5}{Improper Priors}{chapter.1}
\BOOKMARK [2][-]{subsection.1.5.1}{Flat Improper Prior}{section.1.5}
\BOOKMARK [2][-]{subsection.1.5.2}{Non-Informative Improper Prior}{section.1.5}
\BOOKMARK [0][-]{chapter.2}{GLMM}{}
\BOOKMARK [1][-]{section.2.1}{Linear Model \(LM\)}{chapter.2}
\BOOKMARK [2][-]{subsection.2.1.1}{Linear Predictors}{section.2.1}
\BOOKMARK [1][-]{section.2.2}{Generalised Linear Model \(GLM\)}{chapter.2}
\BOOKMARK [1][-]{section.2.3}{Over-dispersion}{chapter.2}
\BOOKMARK [2][-]{subsection.2.3.1}{Multiplicative Over-dispersion}{section.2.3}
\BOOKMARK [2][-]{subsection.2.3.2}{Additive Over-dispersion}{section.2.3}
\BOOKMARK [1][-]{section.2.4}{Random effects}{chapter.2}
\BOOKMARK [1][-]{section.2.5}{Prediction with Random effects}{chapter.2}
\BOOKMARK [1][-]{section.2.6}{Categorical Data}{chapter.2}
\BOOKMARK [1][-]{section.2.7}{A note on fixed effect priors and covariances}{chapter.2}
\BOOKMARK [0][-]{chapter.3}{Categorical Random Interactions}{}
\BOOKMARK [1][-]{section.3.1}{idh Variance Structure}{chapter.3}
\BOOKMARK [1][-]{section.3.2}{us Variance Structure}{chapter.3}
\BOOKMARK [1][-]{section.3.3}{Compound Variance Structures}{chapter.3}
\BOOKMARK [1][-]{section.3.4}{Heterogenous Residual Variance}{chapter.3}
\BOOKMARK [1][-]{section.3.5}{Contrasts and Covariances}{chapter.3}
\BOOKMARK [1][-]{section.3.6}{Priors for Covariance Matrices}{chapter.3}
\BOOKMARK [2][-]{subsection.3.6.1}{Priors for us structures}{section.3.6}
\BOOKMARK [2][-]{subsection.3.6.2}{Priors for idh structures}{section.3.6}
\BOOKMARK [2][-]{subsection.3.6.3}{Priors for cor structures}{section.3.6}
\BOOKMARK [0][-]{chapter.4}{Continuous Random Interactions}{}
\BOOKMARK [1][-]{section.4.1}{Random Regression}{chapter.4}
\BOOKMARK [1][-]{section.4.2}{Expected Variances and Covariances}{chapter.4}
\BOOKMARK [1][-]{section.4.3}{us versus idh and mean centring}{chapter.4}
\BOOKMARK [1][-]{section.4.4}{Meta-analysis}{chapter.4}
\BOOKMARK [1][-]{section.4.5}{Splines}{chapter.4}
\BOOKMARK [0][-]{chapter.5}{Multi-response models}{}
\BOOKMARK [1][-]{section.5.1}{Relaxing the univariate assumptions of causality}{chapter.5}
\BOOKMARK [1][-]{section.5.2}{Multinomial Models}{chapter.5}
\BOOKMARK [1][-]{section.5.3}{Zero-inflated Models}{chapter.5}
\BOOKMARK [2][-]{subsection.5.3.1}{Posterior predictive checks}{section.5.3}
\BOOKMARK [1][-]{section.5.4}{Hurdle Models}{chapter.5}
\BOOKMARK [1][-]{section.5.5}{Zero-altered Models}{chapter.5}
\BOOKMARK [0][-]{chapter.6}{Pedigrees and Phylogenies}{}
\BOOKMARK [1][-]{section.6.1}{Pedigree and phylogeny formats}{chapter.6}
\BOOKMARK [2][-]{subsection.6.1.1}{Pedigrees}{section.6.1}
\BOOKMARK [2][-]{subsection.6.1.2}{Phylogenies}{section.6.1}
\BOOKMARK [1][-]{section.6.2}{The animal model and the phylogenetic mixed model}{chapter.6}
\BOOKMARK [0][-]{chapter.7}{Technical Details}{}
\BOOKMARK [1][-]{section.7.1}{Model Form}{chapter.7}
\BOOKMARK [1][-]{section.7.2}{MCMC Sampling Schemes}{chapter.7}
\BOOKMARK [2][-]{subsection.7.2.1}{Updating the latent variables}{section.7.2}
\BOOKMARK [2][-]{subsection.7.2.2}{Updating the location vector}{section.7.2}
\BOOKMARK [2][-]{subsection.7.2.3}{Updating the variance structures}{section.7.2}
\BOOKMARK [2][-]{subsection.7.2.4}{Ordinal Models}{section.7.2}
\BOOKMARK [2][-]{subsection.7.2.5}{Deviance and DIC}{section.7.2}
\BOOKMARK [0][-]{chapter.8}{Parameter Expansion}{}
\BOOKMARK [1][-]{subsection.8.0.6}{Variances close to zero}{chapter.8}
\BOOKMARK [2][-]{subsection.8.0.7}{Parameter expanded priors}{subsection.8.0.6}
\BOOKMARK [2][-]{subsection.8.0.8}{Binary response models}{subsection.8.0.6}
\BOOKMARK [0][-]{chapter.9}{Simultaneity \046 Recursion}{}
\BOOKMARK [0][-]{chapter*.4}{Acknowledgments}{}
\BOOKMARK [0][-]{section*.6}{Bibliography}{}
