This is pdfTeXk, Version 3.141592-1.40.3 (Web2C 7.5.6) (format=pdflatex 2008.9.4)  2 SEP 2009 10:26
entering extended mode
 %&-line parsing enabled.
**\nonstopmode \input ./Tutorial.tex
(./Tutorial.tex (/usr/share/texmf/tex/latex/base/article.cls
Document Class: article 2005/09/16 v1.4f Standard LaTeX document class
(/usr/share/texmf/tex/latex/base/size10.clo
File: size10.clo 2005/09/16 v1.4f Standard LaTeX file (size option)
)
\c@part=\count79
\c@section=\count80
\c@subsection=\count81
\c@subsubsection=\count82
\c@paragraph=\count83
\c@subparagraph=\count84
\c@figure=\count85
\c@table=\count86
\abovecaptionskip=\skip41
\belowcaptionskip=\skip42
\bibindent=\dimen102
)
(/usr/share/texmf/tex/latex/graphics/graphicx.sty
Package: graphicx 1999/02/16 v1.0f Enhanced LaTeX Graphics (DPC,SPQR)

(/usr/share/texmf/tex/latex/graphics/keyval.sty
Package: keyval 1999/03/16 v1.13 key=value parser (DPC)
\KV@toks@=\toks14
)
(/usr/share/texmf/tex/latex/graphics/graphics.sty
Package: graphics 2006/02/20 v1.0o Standard LaTeX Graphics (DPC,SPQR)

(/usr/share/texmf/tex/latex/graphics/trig.sty
Package: trig 1999/03/16 v1.09 sin cos tan (DPC)
)
(/usr/share/texmf/tex/latex/config/graphics.cfg
File: graphics.cfg 2007/01/18 v1.5 graphics configuration of teTeX/TeXLive
)
Package graphics Info: Driver file: pdftex.def on input line 90.

(/usr/share/texmf/tex/latex/pdftex-def/pdftex.def
File: pdftex.def 2007/01/08 v0.04d Graphics/color for pdfTeX
\Gread@gobject=\count87
))
\Gin@req@height=\dimen103
\Gin@req@width=\dimen104
)
(/usr/share/texmf/tex/latex/natbib/natbib.sty
Package: natbib 2007/02/05 8.0 (PWD)
\bibhang=\skip43
\bibsep=\skip44
LaTeX Info: Redefining \cite on input line 602.
\c@NAT@ctr=\count88
)
(/usr/share/texmf/tex/latex/amsfonts/amsfonts.sty
Package: amsfonts 2001/10/25 v2.2f
\@emptytoks=\toks15
\symAMSa=\mathgroup4
\symAMSb=\mathgroup5
LaTeX Font Info:    Overwriting math alphabet `\mathfrak' in version `bold'
(Font)                  U/euf/m/n --> U/euf/b/n on input line 132.
)
(/usr/share/texmf/tex/latex/amsfonts/amssymb.sty
Package: amssymb 2002/01/22 v2.2d
)
(/usr/share/texmf/tex/latex/amscls/amsthm.sty
Package: amsthm 2004/08/06 v2.20
\thm@style=\toks16
\thm@bodyfont=\toks17
\thm@headfont=\toks18
\thm@notefont=\toks19
\thm@headpunct=\toks20
\thm@preskip=\skip45
\thm@postskip=\skip46
\thm@headsep=\skip47
\dth@everypar=\toks21
)
(/usr/share/texmf/tex/latex/tools/bm.sty
Package: bm 2004/02/26 v1.1c Bold Symbol Support (DPC/FMi)
\symboldoperators=\mathgroup6
\symboldletters=\mathgroup7
\symboldsymbols=\mathgroup8
LaTeX Font Info:    Redeclaring math alphabet \mathbf on input line 137.
LaTeX Info: Redefining \bm on input line 203.
) (./Sweave.sty
(/usr/share/texmf/tex/latex/base/fontenc.sty
Package: fontenc 2005/09/27 v1.99g Standard LaTeX package

(/usr/share/texmf/tex/latex/base/t1enc.def
File: t1enc.def 2005/09/27 v1.99g Standard LaTeX file
LaTeX Font Info:    Redeclaring font encoding T1 on input line 43.
))
(/usr/share/texmf/tex/latex/ae/ae.sty
Package: ae 2001/02/12 1.3 Almost European Computer Modern

(/usr/share/texmf/tex/latex/base/fontenc.sty
Package: fontenc 2005/09/27 v1.99g Standard LaTeX package

(/usr/share/texmf/tex/latex/base/t1enc.def
File: t1enc.def 2005/09/27 v1.99g Standard LaTeX file
LaTeX Font Info:    Redeclaring font encoding T1 on input line 43.
)
LaTeX Font Info:    Try loading font information for T1+aer on input line 100.

(/usr/share/texmf/tex/latex/ae/t1aer.fd
File: t1aer.fd 1997/11/16 Font definitions for T1/aer.
)))
(/usr/share/texmf/tex/latex/fancyvrb/fancyvrb.sty
Package: fancyvrb 1998/07/17

Style option: `fancyvrb' v2.6, with DG/SPQR fixes <1998/07/17> (tvz)
\FV@CodeLineNo=\count89
\FV@InFile=\read1
\FV@TabBox=\box26
\c@FancyVerbLine=\count90
\FV@StepNumber=\count91
\FV@OutFile=\write3

No file fancyvrb.cfg.
) (/usr/share/R/texmf/upquote.sty
Package: upquote 2003/08/11 v1.1 Covington's upright-quote modification to verb
atim and verb
 (/usr/share/texmf/tex/latex/base/textcomp.sty
Package: textcomp 2005/09/27 v1.99g Standard LaTeX package
Package textcomp Info: Sub-encoding information:
(textcomp)               5 = only ISO-Adobe without \textcurrency
(textcomp)               4 = 5 + \texteuro
(textcomp)               3 = 4 + \textohm
(textcomp)               2 = 3 + \textestimated + \textcurrency
(textcomp)               1 = TS1 - \textcircled - \t
(textcomp)               0 = TS1 (full)
(textcomp)             Font families with sub-encoding setting implement
(textcomp)             only a restricted character set as indicated.
(textcomp)             Family '?' is the default used for unknown fonts.
(textcomp)             See the documentation for details.
Package textcomp Info: Setting ? sub-encoding to TS1/1 on input line 71.
(/usr/share/texmf/tex/latex/base/ts1enc.def
File: ts1enc.def 2001/06/05 v3.0e (jk/car/fm) Standard LaTeX file
)
LaTeX Info: Redefining \oldstylenums on input line 266.
Package textcomp Info: Setting cmr sub-encoding to TS1/0 on input line 281.
Package textcomp Info: Setting cmss sub-encoding to TS1/0 on input line 282.
Package textcomp Info: Setting cmtt sub-encoding to TS1/0 on input line 283.
Package textcomp Info: Setting cmvtt sub-encoding to TS1/0 on input line 284.
Package textcomp Info: Setting cmbr sub-encoding to TS1/0 on input line 285.
Package textcomp Info: Setting cmtl sub-encoding to TS1/0 on input line 286.
Package textcomp Info: Setting ccr sub-encoding to TS1/0 on input line 287.
Package textcomp Info: Setting ptm sub-encoding to TS1/4 on input line 288.
Package textcomp Info: Setting pcr sub-encoding to TS1/4 on input line 289.
Package textcomp Info: Setting phv sub-encoding to TS1/4 on input line 290.
Package textcomp Info: Setting ppl sub-encoding to TS1/3 on input line 291.
Package textcomp Info: Setting pag sub-encoding to TS1/4 on input line 292.
Package textcomp Info: Setting pbk sub-encoding to TS1/4 on input line 293.
Package textcomp Info: Setting pnc sub-encoding to TS1/4 on input line 294.
Package textcomp Info: Setting pzc sub-encoding to TS1/4 on input line 295.
Package textcomp Info: Setting bch sub-encoding to TS1/4 on input line 296.
Package textcomp Info: Setting put sub-encoding to TS1/5 on input line 297.
Package textcomp Info: Setting uag sub-encoding to TS1/5 on input line 298.
Package textcomp Info: Setting ugq sub-encoding to TS1/5 on input line 299.
Package textcomp Info: Setting ul8 sub-encoding to TS1/4 on input line 300.
Package textcomp Info: Setting ul9 sub-encoding to TS1/4 on input line 301.
Package textcomp Info: Setting augie sub-encoding to TS1/5 on input line 302.
Package textcomp Info: Setting dayrom sub-encoding to TS1/3 on input line 303.
Package textcomp Info: Setting dayroms sub-encoding to TS1/3 on input line 304.

Package textcomp Info: Setting pxr sub-encoding to TS1/0 on input line 305.
Package textcomp Info: Setting pxss sub-encoding to TS1/0 on input line 306.
Package textcomp Info: Setting pxtt sub-encoding to TS1/0 on input line 307.
Package textcomp Info: Setting txr sub-encoding to TS1/0 on input line 308.
Package textcomp Info: Setting txss sub-encoding to TS1/0 on input line 309.
Package textcomp Info: Setting txtt sub-encoding to TS1/0 on input line 310.
Package textcomp Info: Setting futs sub-encoding to TS1/4 on input line 311.
Package textcomp Info: Setting futx sub-encoding to TS1/4 on input line 312.
Package textcomp Info: Setting futj sub-encoding to TS1/4 on input line 313.
Package textcomp Info: Setting hlh sub-encoding to TS1/3 on input line 314.
Package textcomp Info: Setting hls sub-encoding to TS1/3 on input line 315.
Package textcomp Info: Setting hlst sub-encoding to TS1/3 on input line 316.
Package textcomp Info: Setting hlct sub-encoding to TS1/5 on input line 317.
Package textcomp Info: Setting hlx sub-encoding to TS1/5 on input line 318.
Package textcomp Info: Setting hlce sub-encoding to TS1/5 on input line 319.
Package textcomp Info: Setting hlcn sub-encoding to TS1/5 on input line 320.
Package textcomp Info: Setting hlcw sub-encoding to TS1/5 on input line 321.
Package textcomp Info: Setting hlcf sub-encoding to TS1/5 on input line 322.
Package textcomp Info: Setting pplx sub-encoding to TS1/3 on input line 323.
Package textcomp Info: Setting pplj sub-encoding to TS1/3 on input line 324.
Package textcomp Info: Setting ptmx sub-encoding to TS1/4 on input line 325.
Package textcomp Info: Setting ptmj sub-encoding to TS1/4 on input line 326.
))) (./Tutorial.aux)
\openout1 = `Tutorial.aux'.

LaTeX Font Info:    Checking defaults for OML/cmm/m/it on input line 17.
LaTeX Font Info:    ... okay on input line 17.
LaTeX Font Info:    Checking defaults for T1/cmr/m/n on input line 17.
LaTeX Font Info:    ... okay on input line 17.
LaTeX Font Info:    Checking defaults for OT1/cmr/m/n on input line 17.
LaTeX Font Info:    ... okay on input line 17.
LaTeX Font Info:    Checking defaults for OMS/cmsy/m/n on input line 17.
LaTeX Font Info:    ... okay on input line 17.
LaTeX Font Info:    Checking defaults for OMX/cmex/m/n on input line 17.
LaTeX Font Info:    ... okay on input line 17.
LaTeX Font Info:    Checking defaults for U/cmr/m/n on input line 17.
LaTeX Font Info:    ... okay on input line 17.
LaTeX Font Info:    Checking defaults for TS1/cmr/m/n on input line 17.
LaTeX Font Info:    Try loading font information for TS1+cmr on input line 17.

(/usr/share/texmf/tex/latex/base/ts1cmr.fd
File: ts1cmr.fd 1999/05/25 v2.5h Standard LaTeX font definitions
)
LaTeX Font Info:    ... okay on input line 17.
LaTeX Font Info:    Try loading font information for U+msa on input line 19.

(/usr/share/texmf/tex/latex/amsfonts/umsa.fd
File: umsa.fd 2002/01/19 v2.2g AMS font definitions
)
LaTeX Font Info:    Try loading font information for U+msb on input line 19.

(/usr/share/texmf/tex/latex/amsfonts/umsb.fd
File: umsb.fd 2002/01/19 v2.2g AMS font definitions
)
<Rlogo.pdf, id=1, 101.37875pt x 77.28876pt>
File: Rlogo.pdf Graphic file (type pdf)
 <use Rlogo.pdf> [1

{/usr/share/texmf/fonts/map/pdftex/updmap/pdftex.map} <./Rlogo.pdf>] (./Tutoria
l.toc)
\tf@toc=\write4
\openout4 = `Tutorial.toc'.

 [2]
LaTeX Font Info:    Try loading font information for T1+aett on input line 35.

(/usr/share/texmf/tex/latex/ae/t1aett.fd
File: t1aett.fd 1997/11/16 Font definitions for T1/aett.
) [3]
<Tutorial-006.pdf, id=27, 433.62pt x 433.62pt>
File: Tutorial-006.pdf Graphic file (type pdf)
 <use Tutorial-006.pdf> [4 <./Tutorial-006.pdf>]
Underfull \hbox (badness 10000) in paragraph at lines 133--134

 []

<Tutorial-012.pdf, id=36, 433.62pt x 433.62pt>
File: Tutorial-012.pdf Graphic file (type pdf)
 <use Tutorial-012.pdf>

LaTeX Warning: `!h' float specifier changed to `!ht'.

[5]
Underfull \hbox (badness 10000) in paragraph at lines 167--168

 []

[6 <./Tutorial-012.pdf>] <Tutorial-015.pdf, id=48, 433.62pt x 433.62pt>
File: Tutorial-015.pdf Graphic file (type pdf)

<use Tutorial-015.pdf> [7 <./Tutorial-015.pdf>]
<Tutorial-019.pdf, id=61, 433.62pt x 433.62pt>
File: Tutorial-019.pdf Graphic file (type pdf)
 <use Tutorial-019.pdf>

LaTeX Warning: `!h' float specifier changed to `!ht'.

<Tutorial-021.pdf, id=62, 433.62pt x 433.62pt>
File: Tutorial-021.pdf Graphic file (type pdf)
 <use Tutorial-021.pdf>

LaTeX Warning: `!h' float specifier changed to `!ht'.

[8] [9 <./Tutorial-019.pdf>] [10 <./Tutorial-021.pdf>] [11]
Underfull \hbox (badness 10000) in paragraph at lines 370--371

 []


Underfull \hbox (badness 10000) in paragraph at lines 372--373

 []

[12] <Tutorial-028.pdf, id=91, 433.62pt x 433.62pt>
File: Tutorial-028.pdf Graphic file (type pdf)
 <use Tutorial-028.pdf>
[13 <./Tutorial-028.pdf>] <Tutorial-030.pdf, id=101, 433.62pt x 433.62pt>
File: Tutorial-030.pdf Graphic file (type pdf)

<use Tutorial-030.pdf> [14 <./Tutorial-030.pdf>] [15]
<Tutorial-035.pdf, id=113, 433.62pt x 433.62pt>
File: Tutorial-035.pdf Graphic file (type pdf)
 <use Tutorial-035.pdf> [16 <./Tutorial-035.pdf>]
Underfull \hbox (badness 10000) in paragraph at lines 497--498

 []


Underfull \hbox (badness 10000) in paragraph at lines 499--500

 []

[17]
Overfull \hbox (24.09076pt too wide) in paragraph at lines 548--549
[]\T1/aer/m/n/10 This type of struc-ture can be fit-ted us-ing the \T1/aett/m/n
/10 us \T1/aer/m/n/10 func-tion: \T1/aett/m/n/10 us(trait):individual\T1/aer/m/
n/10 . 
 []


Underfull \hbox (badness 10000) in paragraph at lines 548--549

 []

[18]
Underfull \hbox (badness 10000) in paragraph at lines 578--579

 []


Underfull \hbox (badness 10000) in paragraph at lines 580--581

 []


Underfull \hbox (badness 10000) in paragraph at lines 599--600

 []

[19]
Overfull \hbox (1.63762pt too wide) in paragraph at lines 624--625
\T1/aer/m/n/10 ei-ther \T1/aett/m/n/10 idh(1+time):FSfamily \T1/aer/m/n/10 or a
l-ter-na-tively \T1/aett/m/n/10 idh(time):FSfamily+FSfamily\T1/aer/m/n/10 .
 []


Overfull \hbox (1.11078pt too wide) in paragraph at lines 624--625
\T1/aer/m/n/10 tions; \T1/aett/m/n/10 us(1+time):FSfamily\T1/aer/m/n/10 , \T1/a
ett/m/n/10 us(leg(time,1,normalized=FALSE)):FSfamily
 []

[20]
Underfull \hbox (badness 10000) in paragraph at lines 637--639

 []

[21]
Underfull \hbox (badness 10000) in paragraph at lines 665--666

 []


Underfull \hbox (badness 10000) in paragraph at lines 677--678

 []


Overfull \hbox (94.24724pt too wide) in paragraph at lines 682--702
 [] 
 []


Underfull \hbox (badness 10000) in paragraph at lines 707--708

 []

[22] [23]
Underfull \hbox (badness 10000) in paragraph at lines 709--710

 []


Underfull \hbox (badness 10000) in paragraph at lines 733--734

 []

[24] (./Tutorial.bbl) [25] (./Tutorial.aux) ) 
Here is how much of TeX's memory you used:
 2606 strings out of 256216
 32658 string characters out of 1917073
 81477 words of memory out of 1500000
 5787 multiletter control sequences out of 10000+200000
 48923 words of font info for 114 fonts, out of 1200000 for 2000
 645 hyphenation exceptions out of 8191
 35i,13n,22p,1610b,308s stack positions out of 5000i,500n,6000p,200000b,15000s
</usr/share/texmf/fonts/type1/blue
sky/cm/cmbx10.pfb></usr/share/texmf/fonts/type1/bluesky/cm/cmbx12.pfb></usr/sha
re/texmf/fonts/type1/bluesky/cm/cmbx8.pfb></usr/share/texmf/fonts/type1/bluesky
/cm/cmbx9.pfb></usr/share/texmf/fonts/type1/bluesky/cm/cmex10.pfb></usr/share/t
exmf/fonts/type1/bluesky/cm/cmmi10.pfb></usr/share/texmf/fonts/type1/bluesky/cm
/cmmi7.pfb></usr/share/texmf/fonts/type1/bluesky/cm/cmmi9.pfb></usr/share/texmf
/fonts/type1/bluesky/cm/cmmib10.pfb></usr/share/texmf/fonts/type1/bluesky/ams/c
mmib7.pfb></usr/share/texmf/fonts/type1/bluesky/cm/cmr10.pfb></usr/share/texmf/
fonts/type1/bluesky/cm/cmr12.pfb></usr/share/texmf/fonts/type1/bluesky/cm/cmr5.
pfb></usr/share/texmf/fonts/type1/bluesky/cm/cmr6.pfb></usr/share/texmf/fonts/t
ype1/bluesky/cm/cmr7.pfb></usr/share/texmf/fonts/type1/bluesky/cm/cmr8.pfb></us
r/share/texmf/fonts/type1/bluesky/cm/cmr9.pfb></usr/share/texmf/fonts/type1/blu
esky/cm/cmsltt10.pfb></usr/share/texmf/fonts/type1/bluesky/cm/cmsy10.pfb></usr/
share/texmf/fonts/type1/bluesky/cm/cmsy7.pfb></usr/share/texmf/fonts/type1/blue
sky/cm/cmti10.pfb></usr/share/texmf/fonts/type1/bluesky/cm/cmtt10.pfb></usr/sha
re/texmf/fonts/type1/bluesky/cm/cmtt8.pfb></usr/share/texmf/fonts/type1/bluesky
/cm/cmtt9.pfb>
Output written on Tutorial.pdf (25 pages, 1007402 bytes).
PDF statistics:
 233 PDF objects out of 1000 (max. 8388607)
 0 named destinations out of 1000 (max. 131072)
 46 words of extra memory for PDF output out of 10000 (max. 10000000)

